<?xml version="1.0" encoding="UTF-8"?>
<testsuite name="tests.MainTest" tests="1" skipped="0" failures="0" errors="0" timestamp="2019-03-12T14:08:42" hostname="Robal" time="14.201">
  <properties/>
  <testcase name="test" classname="tests.MainTest" time="14.201"/>
  <system-out><![CDATA[]]></system-out>
  <system-err><![CDATA[]]></system-err>
</testsuite>
